<?xml version="1.0" encoding="UTF-8"?>
<!-- Generated by org.testng.reporters.JUnitReportReporter -->
<testsuite skipped="0" hostname="DEVENDRAGUPTA" name="com.goibibo.Web.Goibibo_Desktop1.International_Hotel" tests="1" failures="0" timestamp="19 Jun 2019 09:43:52 GMT" time="71.529" errors="0">
  <testcase name="f" time="71.529" classname="com.goibibo.Web.Goibibo_Desktop1.International_Hotel"/>
</testsuite> <!-- com.goibibo.Web.Goibibo_Desktop1.International_Hotel -->
