<?xml version="1.0" encoding="UTF-8"?>
<!-- Generated by org.testng.reporters.JUnitReportReporter -->
<testsuite skipped="0" hostname="DEVENDRAGUPTA" name="com.goibibo.Web.Goibibo_Desktop1.International_Flight_OW" tests="1" failures="0" timestamp="20 Jun 2019 17:51:10 GMT" time="76.305" errors="0">
  <testcase name="f" time="76.305" classname="com.goibibo.Web.Goibibo_Desktop1.International_Flight_OW"/>
</testsuite> <!-- com.goibibo.Web.Goibibo_Desktop1.International_Flight_OW -->
