<?xml version="1.0" encoding="UTF-8"?>
<!-- Generated by org.testng.reporters.JUnitReportReporter -->
<testsuite skipped="0" hostname="DEVENDRAGUPTA" name="com.goibibo.Web.Goibibo_Desktop1.Car_Vertical" tests="1" failures="0" timestamp="20 Jun 2019 18:13:20 GMT" time="33.837" errors="0">
  <testcase name="f" time="33.837" classname="com.goibibo.Web.Goibibo_Desktop1.Car_Vertical"/>
</testsuite> <!-- com.goibibo.Web.Goibibo_Desktop1.Car_Vertical -->
