<?xml version="1.0" encoding="UTF-8"?>
<!-- Generated by org.testng.reporters.JUnitReportReporter -->
<testsuite skipped="0" hostname="DEVENDRAGUPTA" name="com.goibibo.Web.Goibibo_Desktop1.Dom_Flight" tests="1" failures="0" timestamp="19 Jun 2019 05:30:31 GMT" time="74.189" errors="0">
  <testcase name="f" time="74.189" classname="com.goibibo.Web.Goibibo_Desktop1.Dom_Flight"/>
</testsuite> <!-- com.goibibo.Web.Goibibo_Desktop1.Dom_Flight -->
