<?xml version="1.0" encoding="UTF-8"?>
<!-- Generated by org.testng.reporters.JUnitReportReporter -->
<testsuite skipped="0" hostname="DEVENDRAGUPTA" name="com.goibibo.Web.Goibibo_Desktop1.Sign_IN" tests="1" failures="0" timestamp="20 Jun 2019 18:13:20 GMT" time="31.886" errors="0">
  <testcase name="f" time="31.886" classname="com.goibibo.Web.Goibibo_Desktop1.Sign_IN"/>
</testsuite> <!-- com.goibibo.Web.Goibibo_Desktop1.Sign_IN -->
