<?xml version="1.0" encoding="UTF-8"?>
<!-- Generated by org.testng.reporters.JUnitReportReporter -->
<testsuite skipped="0" hostname="DEVENDRAGUPTA" name="com.goibibo.Web.Goibibo_Desktop1.Dom_Flight" tests="1" failures="0" timestamp="20 Jun 2019 18:13:20 GMT" time="76.592" errors="0">
  <testcase name="f" time="76.592" classname="com.goibibo.Web.Goibibo_Desktop1.Dom_Flight"/>
</testsuite> <!-- com.goibibo.Web.Goibibo_Desktop1.Dom_Flight -->
